<?xml version="1.0" encoding="UTF-8"?>
<testsuite xmlns:xsi="http://www.w3.org/2001/XMLSchema-instance" xsi:noNamespaceSchemaLocation="https://maven.apache.org/surefire/maven-surefire-plugin/xsd/surefire-test-report-3.0.xsd" version="3.0" name="TestSuite" time="7.536" tests="1" errors="0" skipped="0" failures="0">
  <properties>
    <property name="sun.desktop" value="windows"/>
    <property name="awt.toolkit" value="sun.awt.windows.WToolkit"/>
    <property name="java.specification.version" value="11"/>
    <property name="sun.cpu.isalist" value="amd64"/>
    <property name="sun.jnu.encoding" value="Cp1252"/>
    <property name="java.class.path" value="C:\Users\iFocus\eclipse-workspace\TestAutomation\target\test-classes;C:\Users\iFocus\eclipse-workspace\TestAutomation\target\classes;C:\Users\iFocus\.m2\repository\org\seleniumhq\selenium\selenium-java\4.15.0\selenium-java-4.15.0.jar;C:\Users\iFocus\.m2\repository\org\seleniumhq\selenium\selenium-api\4.15.0\selenium-api-4.15.0.jar;C:\Users\iFocus\.m2\repository\org\seleniumhq\selenium\selenium-chrome-driver\4.15.0\selenium-chrome-driver-4.15.0.jar;C:\Users\iFocus\.m2\repository\org\seleniumhq\selenium\selenium-chromium-driver\4.15.0\selenium-chromium-driver-4.15.0.jar;C:\Users\iFocus\.m2\repository\org\seleniumhq\selenium\selenium-manager\4.15.0\selenium-manager-4.15.0.jar;C:\Users\iFocus\.m2\repository\org\seleniumhq\selenium\selenium-devtools-v117\4.15.0\selenium-devtools-v117-4.15.0.jar;C:\Users\iFocus\.m2\repository\org\seleniumhq\selenium\selenium-devtools-v118\4.15.0\selenium-devtools-v118-4.15.0.jar;C:\Users\iFocus\.m2\repository\org\seleniumhq\selenium\selenium-devtools-v119\4.15.0\selenium-devtools-v119-4.15.0.jar;C:\Users\iFocus\.m2\repository\org\seleniumhq\selenium\selenium-devtools-v85\4.15.0\selenium-devtools-v85-4.15.0.jar;C:\Users\iFocus\.m2\repository\org\seleniumhq\selenium\selenium-edge-driver\4.15.0\selenium-edge-driver-4.15.0.jar;C:\Users\iFocus\.m2\repository\org\seleniumhq\selenium\selenium-firefox-driver\4.15.0\selenium-firefox-driver-4.15.0.jar;C:\Users\iFocus\.m2\repository\org\seleniumhq\selenium\selenium-http\4.15.0\selenium-http-4.15.0.jar;C:\Users\iFocus\.m2\repository\dev\failsafe\failsafe\3.3.2\failsafe-3.3.2.jar;C:\Users\iFocus\.m2\repository\org\seleniumhq\selenium\selenium-ie-driver\4.15.0\selenium-ie-driver-4.15.0.jar;C:\Users\iFocus\.m2\repository\org\seleniumhq\selenium\selenium-remote-driver\4.15.0\selenium-remote-driver-4.15.0.jar;C:\Users\iFocus\.m2\repository\io\opentelemetry\opentelemetry-api\1.28.0\opentelemetry-api-1.28.0.jar;C:\Users\iFocus\.m2\repository\io\opentelemetry\opentelemetry-context\1.28.0\opentelemetry-context-1.28.0.jar;C:\Users\iFocus\.m2\repository\io\opentelemetry\opentelemetry-exporter-logging\1.28.0\opentelemetry-exporter-logging-1.28.0.jar;C:\Users\iFocus\.m2\repository\io\opentelemetry\opentelemetry-sdk-metrics\1.28.0\opentelemetry-sdk-metrics-1.28.0.jar;C:\Users\iFocus\.m2\repository\io\opentelemetry\opentelemetry-extension-incubator\1.28.0-alpha\opentelemetry-extension-incubator-1.28.0-alpha.jar;C:\Users\iFocus\.m2\repository\io\opentelemetry\opentelemetry-sdk-logs\1.28.0\opentelemetry-sdk-logs-1.28.0.jar;C:\Users\iFocus\.m2\repository\io\opentelemetry\opentelemetry-sdk-common\1.28.0\opentelemetry-sdk-common-1.28.0.jar;C:\Users\iFocus\.m2\repository\io\opentelemetry\opentelemetry-sdk-extension-autoconfigure-spi\1.28.0\opentelemetry-sdk-extension-autoconfigure-spi-1.28.0.jar;C:\Users\iFocus\.m2\repository\io\opentelemetry\opentelemetry-sdk-extension-autoconfigure\1.28.0\opentelemetry-sdk-extension-autoconfigure-1.28.0.jar;C:\Users\iFocus\.m2\repository\io\opentelemetry\opentelemetry-api-events\1.28.0-alpha\opentelemetry-api-events-1.28.0-alpha.jar;C:\Users\iFocus\.m2\repository\io\opentelemetry\opentelemetry-sdk-trace\1.28.0\opentelemetry-sdk-trace-1.28.0.jar;C:\Users\iFocus\.m2\repository\io\opentelemetry\opentelemetry-sdk\1.28.0\opentelemetry-sdk-1.28.0.jar;C:\Users\iFocus\.m2\repository\io\opentelemetry\opentelemetry-semconv\1.28.0-alpha\opentelemetry-semconv-1.28.0-alpha.jar;C:\Users\iFocus\.m2\repository\org\seleniumhq\selenium\selenium-os\4.15.0\selenium-os-4.15.0.jar;C:\Users\iFocus\.m2\repository\org\apache\commons\commons-exec\1.3\commons-exec-1.3.jar;C:\Users\iFocus\.m2\repository\org\seleniumhq\selenium\selenium-safari-driver\4.15.0\selenium-safari-driver-4.15.0.jar;C:\Users\iFocus\.m2\repository\org\testng\testng\7.4.0\testng-7.4.0.jar;C:\Users\iFocus\.m2\repository\com\beust\jcommander\1.78\jcommander-1.78.jar;C:\Users\iFocus\.m2\repository\org\webjars\jquery\3.5.1\jquery-3.5.1.jar;C:\Users\iFocus\.m2\repository\org\seleniumhq\selenium\selenium-support\4.15.0\selenium-support-4.15.0.jar;C:\Users\iFocus\.m2\repository\com\google\auto\service\auto-service-annotations\1.1.1\auto-service-annotations-1.1.1.jar;C:\Users\iFocus\.m2\repository\com\google\guava\guava\32.1.2-jre\guava-32.1.2-jre.jar;C:\Users\iFocus\.m2\repository\com\google\guava\failureaccess\1.0.1\failureaccess-1.0.1.jar;C:\Users\iFocus\.m2\repository\com\google\guava\listenablefuture\9999.0-empty-to-avoid-conflict-with-guava\listenablefuture-9999.0-empty-to-avoid-conflict-with-guava.jar;C:\Users\iFocus\.m2\repository\com\google\code\findbugs\jsr305\3.0.2\jsr305-3.0.2.jar;C:\Users\iFocus\.m2\repository\org\checkerframework\checker-qual\3.33.0\checker-qual-3.33.0.jar;C:\Users\iFocus\.m2\repository\com\google\errorprone\error_prone_annotations\2.18.0\error_prone_annotations-2.18.0.jar;C:\Users\iFocus\.m2\repository\com\google\j2objc\j2objc-annotations\2.8\j2objc-annotations-2.8.jar;C:\Users\iFocus\.m2\repository\net\bytebuddy\byte-buddy\1.14.5\byte-buddy-1.14.5.jar;C:\Users\iFocus\.m2\repository\org\seleniumhq\selenium\selenium-json\4.15.0\selenium-json-4.15.0.jar;"/>
    <property name="java.vm.vendor" value="Oracle Corporation"/>
    <property name="sun.arch.data.model" value="64"/>
    <property name="user.variant" value=""/>
    <property name="java.vendor.url" value="https://openjdk.java.net/"/>
    <property name="user.timezone" value="Asia/Calcutta"/>
    <property name="java.vm.specification.version" value="11"/>
    <property name="os.name" value="Windows 10"/>
    <property name="sun.java.launcher" value="SUN_STANDARD"/>
    <property name="user.country" value="IN"/>
    <property name="sun.boot.library.path" value="C:\Program Files\Java\jdk-11\bin"/>
    <property name="sun.java.command" value="C:\Users\iFocus\AppData\Local\Temp\surefire1920787402990732332\surefirebooter6978306510423947361.jar C:\Users\iFocus\AppData\Local\Temp\surefire1920787402990732332 2024-08-23T16-46-34_706-jvmRun1 surefire10691098646109316396tmp surefire_015054224922651870130tmp"/>
    <property name="jdk.debug" value="release"/>
    <property name="surefire.test.class.path" value="C:\Users\iFocus\eclipse-workspace\TestAutomation\target\test-classes;C:\Users\iFocus\eclipse-workspace\TestAutomation\target\classes;C:\Users\iFocus\.m2\repository\org\seleniumhq\selenium\selenium-java\4.15.0\selenium-java-4.15.0.jar;C:\Users\iFocus\.m2\repository\org\seleniumhq\selenium\selenium-api\4.15.0\selenium-api-4.15.0.jar;C:\Users\iFocus\.m2\repository\org\seleniumhq\selenium\selenium-chrome-driver\4.15.0\selenium-chrome-driver-4.15.0.jar;C:\Users\iFocus\.m2\repository\org\seleniumhq\selenium\selenium-chromium-driver\4.15.0\selenium-chromium-driver-4.15.0.jar;C:\Users\iFocus\.m2\repository\org\seleniumhq\selenium\selenium-manager\4.15.0\selenium-manager-4.15.0.jar;C:\Users\iFocus\.m2\repository\org\seleniumhq\selenium\selenium-devtools-v117\4.15.0\selenium-devtools-v117-4.15.0.jar;C:\Users\iFocus\.m2\repository\org\seleniumhq\selenium\selenium-devtools-v118\4.15.0\selenium-devtools-v118-4.15.0.jar;C:\Users\iFocus\.m2\repository\org\seleniumhq\selenium\selenium-devtools-v119\4.15.0\selenium-devtools-v119-4.15.0.jar;C:\Users\iFocus\.m2\repository\org\seleniumhq\selenium\selenium-devtools-v85\4.15.0\selenium-devtools-v85-4.15.0.jar;C:\Users\iFocus\.m2\repository\org\seleniumhq\selenium\selenium-edge-driver\4.15.0\selenium-edge-driver-4.15.0.jar;C:\Users\iFocus\.m2\repository\org\seleniumhq\selenium\selenium-firefox-driver\4.15.0\selenium-firefox-driver-4.15.0.jar;C:\Users\iFocus\.m2\repository\org\seleniumhq\selenium\selenium-http\4.15.0\selenium-http-4.15.0.jar;C:\Users\iFocus\.m2\repository\dev\failsafe\failsafe\3.3.2\failsafe-3.3.2.jar;C:\Users\iFocus\.m2\repository\org\seleniumhq\selenium\selenium-ie-driver\4.15.0\selenium-ie-driver-4.15.0.jar;C:\Users\iFocus\.m2\repository\org\seleniumhq\selenium\selenium-remote-driver\4.15.0\selenium-remote-driver-4.15.0.jar;C:\Users\iFocus\.m2\repository\io\opentelemetry\opentelemetry-api\1.28.0\opentelemetry-api-1.28.0.jar;C:\Users\iFocus\.m2\repository\io\opentelemetry\opentelemetry-context\1.28.0\opentelemetry-context-1.28.0.jar;C:\Users\iFocus\.m2\repository\io\opentelemetry\opentelemetry-exporter-logging\1.28.0\opentelemetry-exporter-logging-1.28.0.jar;C:\Users\iFocus\.m2\repository\io\opentelemetry\opentelemetry-sdk-metrics\1.28.0\opentelemetry-sdk-metrics-1.28.0.jar;C:\Users\iFocus\.m2\repository\io\opentelemetry\opentelemetry-extension-incubator\1.28.0-alpha\opentelemetry-extension-incubator-1.28.0-alpha.jar;C:\Users\iFocus\.m2\repository\io\opentelemetry\opentelemetry-sdk-logs\1.28.0\opentelemetry-sdk-logs-1.28.0.jar;C:\Users\iFocus\.m2\repository\io\opentelemetry\opentelemetry-sdk-common\1.28.0\opentelemetry-sdk-common-1.28.0.jar;C:\Users\iFocus\.m2\repository\io\opentelemetry\opentelemetry-sdk-extension-autoconfigure-spi\1.28.0\opentelemetry-sdk-extension-autoconfigure-spi-1.28.0.jar;C:\Users\iFocus\.m2\repository\io\opentelemetry\opentelemetry-sdk-extension-autoconfigure\1.28.0\opentelemetry-sdk-extension-autoconfigure-1.28.0.jar;C:\Users\iFocus\.m2\repository\io\opentelemetry\opentelemetry-api-events\1.28.0-alpha\opentelemetry-api-events-1.28.0-alpha.jar;C:\Users\iFocus\.m2\repository\io\opentelemetry\opentelemetry-sdk-trace\1.28.0\opentelemetry-sdk-trace-1.28.0.jar;C:\Users\iFocus\.m2\repository\io\opentelemetry\opentelemetry-sdk\1.28.0\opentelemetry-sdk-1.28.0.jar;C:\Users\iFocus\.m2\repository\io\opentelemetry\opentelemetry-semconv\1.28.0-alpha\opentelemetry-semconv-1.28.0-alpha.jar;C:\Users\iFocus\.m2\repository\org\seleniumhq\selenium\selenium-os\4.15.0\selenium-os-4.15.0.jar;C:\Users\iFocus\.m2\repository\org\apache\commons\commons-exec\1.3\commons-exec-1.3.jar;C:\Users\iFocus\.m2\repository\org\seleniumhq\selenium\selenium-safari-driver\4.15.0\selenium-safari-driver-4.15.0.jar;C:\Users\iFocus\.m2\repository\org\testng\testng\7.4.0\testng-7.4.0.jar;C:\Users\iFocus\.m2\repository\com\beust\jcommander\1.78\jcommander-1.78.jar;C:\Users\iFocus\.m2\repository\org\webjars\jquery\3.5.1\jquery-3.5.1.jar;C:\Users\iFocus\.m2\repository\org\seleniumhq\selenium\selenium-support\4.15.0\selenium-support-4.15.0.jar;C:\Users\iFocus\.m2\repository\com\google\auto\service\auto-service-annotations\1.1.1\auto-service-annotations-1.1.1.jar;C:\Users\iFocus\.m2\repository\com\google\guava\guava\32.1.2-jre\guava-32.1.2-jre.jar;C:\Users\iFocus\.m2\repository\com\google\guava\failureaccess\1.0.1\failureaccess-1.0.1.jar;C:\Users\iFocus\.m2\repository\com\google\guava\listenablefuture\9999.0-empty-to-avoid-conflict-with-guava\listenablefuture-9999.0-empty-to-avoid-conflict-with-guava.jar;C:\Users\iFocus\.m2\repository\com\google\code\findbugs\jsr305\3.0.2\jsr305-3.0.2.jar;C:\Users\iFocus\.m2\repository\org\checkerframework\checker-qual\3.33.0\checker-qual-3.33.0.jar;C:\Users\iFocus\.m2\repository\com\google\errorprone\error_prone_annotations\2.18.0\error_prone_annotations-2.18.0.jar;C:\Users\iFocus\.m2\repository\com\google\j2objc\j2objc-annotations\2.8\j2objc-annotations-2.8.jar;C:\Users\iFocus\.m2\repository\net\bytebuddy\byte-buddy\1.14.5\byte-buddy-1.14.5.jar;C:\Users\iFocus\.m2\repository\org\seleniumhq\selenium\selenium-json\4.15.0\selenium-json-4.15.0.jar;"/>
    <property name="sun.cpu.endian" value="little"/>
    <property name="user.home" value="C:\Users\iFocus"/>
    <property name="user.language" value="en"/>
    <property name="java.specification.vendor" value="Oracle Corporation"/>
    <property name="java.version.date" value="2023-04-18"/>
    <property name="java.home" value="C:\Program Files\Java\jdk-11"/>
    <property name="file.separator" value="\"/>
    <property name="basedir" value="C:\Users\iFocus\eclipse-workspace\TestAutomation"/>
    <property name="java.vm.compressedOopsMode" value="32-bit"/>
    <property name="line.separator" value="&#10;"/>
    <property name="java.specification.name" value="Java Platform API Specification"/>
    <property name="java.vm.specification.vendor" value="Oracle Corporation"/>
    <property name="java.awt.graphicsenv" value="sun.awt.Win32GraphicsEnvironment"/>
    <property name="surefire.real.class.path" value="C:\Users\iFocus\AppData\Local\Temp\surefire1920787402990732332\surefirebooter6978306510423947361.jar"/>
    <property name="surefire.suiteXmlFile" value="testng.xml"/>
    <property name="user.script" value=""/>
    <property name="sun.management.compiler" value="HotSpot 64-Bit Tiered Compilers"/>
    <property name="java.runtime.version" value="11.0.19+9-LTS-224"/>
    <property name="user.name" value="iFocus"/>
    <property name="path.separator" value=";"/>
    <property name="os.version" value="10.0"/>
    <property name="java.runtime.name" value="Java(TM) SE Runtime Environment"/>
    <property name="file.encoding" value="Cp1252"/>
    <property name="java.vm.name" value="Java HotSpot(TM) 64-Bit Server VM"/>
    <property name="java.vendor.version" value="18.9"/>
    <property name="localRepository" value="C:\Users\iFocus\.m2\repository"/>
    <property name="java.vendor.url.bug" value="https://bugreport.java.com/bugreport/"/>
    <property name="java.io.tmpdir" value="C:\Users\iFocus\AppData\Local\Temp\"/>
    <property name="java.version" value="11.0.19"/>
    <property name="user.dir" value="C:\Users\iFocus\eclipse-workspace\TestAutomation"/>
    <property name="os.arch" value="amd64"/>
    <property name="java.vm.specification.name" value="Java Virtual Machine Specification"/>
    <property name="java.awt.printerjob" value="sun.awt.windows.WPrinterJob"/>
    <property name="sun.os.patch.level" value=""/>
    <property name="java.library.path" value="C:\Program Files\Java\jdk-11\bin;C:\Windows\Sun\Java\bin;C:\Windows\system32;C:\Windows;C:\Users\iFocus\Music\maven/bin;C:\Program Files\Java\jdk-11/bin;C:\Program Files\Java\jdk-11/bin;C:\Program Files\Amazon Corretto\jdk11.0.20_8\bin;C:\Program Files\Common Files\Oracle\Java\javapath;C:\Windows\system32;C:\Windows;C:\Windows\System32\Wbem;C:\Windows\System32\WindowsPowerShell\v1.0\;C:\Windows\System32\OpenSSH\;C:\Program Files\Amazon Corretto\jdk11.0.20_8\bin;C:\Users\iFocus\AppData\Local\Android\Sdk\build-tools;C:\Users\iFocus\AppData\Local\Android\Sdk\platform-tools;C:\Users\iFocus\AppData\Local\Android\Sdk\platforms;C:\Users\iFocus\AppData\Local\Programs\Python\Python311;C:\Users\iFocus\AppData\Local\Programs\Python\Python311\Scripts;C:\ProgramData\chocolatey\bin;C:\Program Files\Git\cmd;C:\ProgramData\chocolatey\lib\maven\apache-maven-3.9.4\bin;C:\Program Files\PuTTY\;C:\Program Files\Amazon\AWSCLIV2\;node_modules\;C:\webOS_TV_SDK\CLI;C:\Program Files\Oracle\VirtualBox;C:\Users\iFocus\AppData\Roaming\nvm;C:\Program Files\nodejs;C:\Users\iFocus\Downloads\CLI\bin;C:\Users\iFocus\scoop\shims;C:\Users\iFocus\AppData\Loca;C:\tizen-studio\bin;C:\tizen-studio\tools\;C:\tizen-studio\tools\ide\bin;C:\Program Files\dotnet\;C:\tizen-studio\tools\ide\bin;C:\Users\iFocus\scoop\shims;C:\Users\iFocus\AppData\Local\Microsoft\WindowsApps;C:\Program Files\Oracle\VirtualBox;C:\Users\iFocus\AppData\Local\GitHubDesktop\bin;C:\Users\iFocus\AppData\Roaming\npm;C:\Users\iFocus\AppData\Roaming\nvm;C:\Program Files\nodejs;C:\Users\iFocus\AppData\Local\Programs\Microsoft VS Code\bin;C:\Users\iFocus\.dotnet\tools;."/>
    <property name="java.vendor" value="Oracle Corporation"/>
    <property name="java.vm.info" value="mixed mode"/>
    <property name="java.vm.version" value="11.0.19+9-LTS-224"/>
    <property name="sun.io.unicode.encoding" value="UnicodeLittle"/>
    <property name="java.class.version" value="55.0"/>
  </properties>
  <testcase name="shouldAnswerWithTrue" classname="TestAutomation.TestAutomation.AppTest" time="6.48">
    <system-err><![CDATA[Aug 23, 2024 4:46:43 PM org.openqa.selenium.devtools.CdpVersionFinder findNearestMatch
WARNING: Unable to find CDP implementation matching 127
Aug 23, 2024 4:46:43 PM org.openqa.selenium.chromium.ChromiumDriver lambda$new$5
WARNING: Unable to find version of CDP to use for 127.0.6533.120. You may need to include a dependency on a specific version of the CDP using something similar to `org.seleniumhq.selenium:selenium-devtools-v86:4.15.0` where the version ("v86") matches the version of the chromium-based browser you're using and the version number of the artifact is the same as Selenium's.
]]></system-err>
  </testcase>
</testsuite>