<?xml version="1.0" encoding="UTF-8"?>
<!-- Generated by org.testng.reporters.JUnitReportReporter -->
<testsuite hostname="DESKTOP-NOAT8ES" failures="0" tests="1" name="TestAutomation.TestAutomation.AppTest" time="6.495" errors="0" timestamp="2024-08-23T16:46:44 IST" skipped="0">
  <testcase classname="TestAutomation.TestAutomation.AppTest" name="shouldAnswerWithTrue" time="6.495"/>
  <system-out/>
</testsuite> <!-- TestAutomation.TestAutomation.AppTest -->
